


ARM Macro Assembler    Page 1 


    1 00000000         ;/******************************************************
                       ***********************
    2 00000000         ; * @file:    startup_MKE06Z4.s
    3 00000000         ; * @purpose: CMSIS Cortex-M0plus Core Device Startup Fi
                       le for the
    4 00000000         ; *           MKE06Z4
    5 00000000         ; * @version: 1.0
    6 00000000         ; * @date:    2013-7-30
    7 00000000         ; *
    8 00000000         ; * Copyright: 1997 - 2013 Freescale Semiconductor, Inc.
                        All Rights Reserved.
    9 00000000         ;*
   10 00000000         ; *------- <<< Use Configuration Wizard in Context Menu 
                       >>> ------------------
   11 00000000         ; *
   12 00000000         ; ******************************************************
                       ***********************/
   13 00000000         
   14 00000000         
   15 00000000         ; <h> Stack Configuration
   16 00000000         ;   <o> Stack Size (in Bytes) <0x0-0xFFFFFFFF:8>
   17 00000000         ; </h>
   18 00000000         
   19 00000000 00000200 
                       Stack_Size
                               EQU              0x00000200
   20 00000000         
   21 00000000                 AREA             STACK, NOINIT, READWRITE, ALIGN
=3
   22 00000000         Stack_Mem
                               SPACE            Stack_Size
   23 00000200         __initial_sp
   24 00000200         
   25 00000200         
   26 00000200         ; <h> Heap Configuration
   27 00000200         ;   <o>  Heap Size (in Bytes) <0x0-0xFFFFFFFF:8>
   28 00000200         ; </h>
   29 00000200         
   30 00000200 00000000 
                       Heap_Size
                               EQU              0x00000000
   31 00000200         
   32 00000200                 AREA             HEAP, NOINIT, READWRITE, ALIGN=
3
   33 00000000         __heap_base
   34 00000000         Heap_Mem
                               SPACE            Heap_Size
   35 00000000         __heap_limit
   36 00000000         
   37 00000000         
   38 00000000                 PRESERVE8
   39 00000000                 THUMB
   40 00000000         
   41 00000000         
   42 00000000         ; Vector Table Mapped to Address 0 at Reset
   43 00000000         
   44 00000000                 AREA             RESET, DATA, READONLY
   45 00000000                 EXPORT           __Vectors
   46 00000000                 EXPORT           __Vectors_End



ARM Macro Assembler    Page 2 


   47 00000000                 EXPORT           __Vectors_Size
   48 00000000         
   49 00000000 00000000 
                       __Vectors
                               DCD              __initial_sp ; Top of Stack
   50 00000004 00000000        DCD              Reset_Handler ; Reset Handler
   51 00000008 00000000        DCD              NMI_Handler ; NMI Handler
   52 0000000C 00000000        DCD              0           ; Reserved
   53 00000010 00000000        DCD              0           ; Reserved
   54 00000014 00000000        DCD              0           ; Reserved
   55 00000018 00000000        DCD              0           ; Reserved
   56 0000001C 00000000        DCD              0           ; Reserved
   57 00000020 00000000        DCD              0           ; Reserved
   58 00000024 00000000        DCD              0           ; Reserved
   59 00000028 00000000        DCD              0           ; Reserved
   60 0000002C 00000000        DCD              SVC_Handler ; SVCall Handler
   61 00000030 00000000        DCD              0           ; Reserved
   62 00000034 00000000        DCD              0           ; Reserved
   63 00000038 00000000        DCD              PendSV_Handler ; PendSV Handler
                                                            
   64 0000003C 00000000        DCD              SysTick_Handler 
                                                            ; SysTick Handler
   65 00000040         
   66 00000040         ; External Interrupts
   67 00000040 00000000        DCD              Reserved16_IRQHandler ; Reserve
                                                            d interrupt 16
   68 00000044 00000000        DCD              Reserved17_IRQHandler ; Reserve
                                                            d interrupt 17
   69 00000048 00000000        DCD              Reserved18_IRQHandler ; Reserve
                                                            d interrupt 18
   70 0000004C 00000000        DCD              Reserved19_IRQHandler ; Reserve
                                                            d interrupt 19
   71 00000050 00000000        DCD              Reserved20_IRQHandler ; Reserve
                                                            d interrupt 20
   72 00000054 00000000        DCD              FTMRE_IRQHandler ; FTMRE comman
                                                            d complete/read col
                                                            lision interrupt
   73 00000058 00000000        DCD              LVD_LVW_IRQHandler ; Low Voltag
                                                            e Detect, Low Volta
                                                            ge Warning
   74 0000005C 00000000        DCD              IRQ_IRQHandler ; External inter
                                                            rupt
   75 00000060 00000000        DCD              I2C0_IRQHandler 
                                                            ; I2C0 interrupt
   76 00000064 00000000        DCD              I2C1_IRQHandler 
                                                            ; I2C1 interrupt
   77 00000068 00000000        DCD              SPI0_IRQHandler 
                                                            ; SPI0 interrupt
   78 0000006C 00000000        DCD              SPI1_IRQHandler 
                                                            ; SPI1 interrupt
   79 00000070 00000000        DCD              UART0_IRQHandler ; UART0 status
                                                            /error interrupt
   80 00000074 00000000        DCD              UART1_IRQHandler ; UART1 status
                                                            /error interrupt
   81 00000078 00000000        DCD              UART2_IRQHandler ; UART2 status
                                                            /error interrupt
   82 0000007C 00000000        DCD              ADC0_IRQHandler 
                                                            ; ADC0 interrupt
   83 00000080 00000000        DCD              ACMP0_IRQHandler 



ARM Macro Assembler    Page 3 


                                                            ; ACMP0 interrupt
   84 00000084 00000000        DCD              FTM0_IRQHandler ; FTM0 Single i
                                                            nterrupt vector for
                                                             all sources
   85 00000088 00000000        DCD              FTM1_IRQHandler ; FTM1 Single i
                                                            nterrupt vector for
                                                             all sources
   86 0000008C 00000000        DCD              FTM2_IRQHandler ; FTM2 Single i
                                                            nterrupt vector for
                                                             all sources
   87 00000090 00000000        DCD              RTC_IRQHandler ; RTC overflow
   88 00000094 00000000        DCD              ACMP1_IRQHandler 
                                                            ; ACMP1 interrupt
   89 00000098 00000000        DCD              PIT_CH0_IRQHandler 
                                                            ; PIT CH0 overflow
   90 0000009C 00000000        DCD              PIT_CH1_IRQHandler 
                                                            ; PIT CH1 overflow
   91 000000A0 00000000        DCD              KBI0_IRQHandler ; Keyboard inte
                                                            rrupt 0
   92 000000A4 00000000        DCD              KBI1_IRQHandler ; Keyboard inte
                                                            rrupt 1
   93 000000A8 00000000        DCD              Reserved42_IRQHandler ; Reserve
                                                            d interrupt 42
   94 000000AC 00000000        DCD              ICS_IRQHandler ; ICS interrupt
   95 000000B0 00000000        DCD              Watchdog_IRQHandler 
                                                            ; WDOG Interrupt
   96 000000B4 00000000        DCD              PWT_IRQHandler ; Pulse Width Ti
                                                            mer Interrupt
   97 000000B8 00000000        DCD              MSCAN_RX_IRQHandler ; MSCAN Rx 
                                                            Interrupt
   98 000000BC 00000000        DCD              MSCAN_TX_IRQHandler ; MSCAN Tx,
                                                             Err and Wake-up in
                                                            terrupt
   99 000000C0         __Vectors_End
  100 000000C0         
  101 000000C0 000000C0 
                       __Vectors_Size
                               EQU              __Vectors_End - __Vectors
  102 000000C0         
  103 000000C0         ; <h> Flash Configuration
  104 000000C0         ;   <i> 16-byte flash configuration field that stores de
                       fault protection settings (loaded on reset)
  105 000000C0         ;   <i> and security information that allows the MCU to 
                       restrict acces to the FTFL module.
  106 000000C0         ;   <h> Backdoor Comparison Key
  107 000000C0         ;     <o0>  Backdoor Key 0  <0x0-0xFF:2>
  108 000000C0         ;     <o1>  Backdoor Key 1  <0x0-0xFF:2>
  109 000000C0         ;     <o2>  Backdoor Key 2  <0x0-0xFF:2>
  110 000000C0         ;     <o3>  Backdoor Key 3  <0x0-0xFF:2>
  111 000000C0         ;     <o4>  Backdoor Key 4  <0x0-0xFF:2>
  112 000000C0         ;     <o5>  Backdoor Key 5  <0x0-0xFF:2>
  113 000000C0         ;     <o6>  Backdoor Key 6  <0x0-0xFF:2>
  114 000000C0         ;     <o7>  Backdoor Key 7  <0x0-0xFF:2>
  115 000000C0 000000FF 
                       BackDoorK0
                               EQU              0xFF
  116 000000C0 000000FF 
                       BackDoorK1
                               EQU              0xFF



ARM Macro Assembler    Page 4 


  117 000000C0 000000FF 
                       BackDoorK2
                               EQU              0xFF
  118 000000C0 000000FF 
                       BackDoorK3
                               EQU              0xFF
  119 000000C0 000000FF 
                       BackDoorK4
                               EQU              0xFF
  120 000000C0 000000FF 
                       BackDoorK5
                               EQU              0xFF
  121 000000C0 000000FF 
                       BackDoorK6
                               EQU              0xFF
  122 000000C0 000000FF 
                       BackDoorK7
                               EQU              0xFF
  123 000000C0         ;   </h>
  124 000000C0         ;   <h> EEPROM Protection Register (EEPROT)
  125 000000C0         ;     <i> The DFPROT register defines which D-Flash sect
                       ors are protected against program and erase operations.
  126 000000C0         ;     <o.7>  DPOPEN
  127 000000C0         ;       <0=> Enables EEPROM memory protection
  128 000000C0         ;       <1=> Disables EEPROM memory protection
  129 000000C0         ;     <o.0..2> DPS
  130 000000C0         ;       <0=> Flash address range: 0x00_0000 - 0x00_001F;
                        protected size: 32 bytes
  131 000000C0         ;       <1=> Flash address range: 0x00_0000 - 0x00_003F;
                        protected size: 64 bytes
  132 000000C0         ;       <2=> Flash address range: 0x00_0000 - 0x00_005F;
                        protected size: 96 bytes
  133 000000C0         ;       <3=> Flash address range: 0x00_0000 - 0x00_007F;
                        protected size: 128 bytes
  134 000000C0         ;       <4=> Flash address range: 0x00_0000 - 0x00_009F;
                        protected size: 160 bytes
  135 000000C0         ;       <5=> Flash address range: 0x00_0000 - 0x00_00BF;
                        protected size: 192 bytes
  136 000000C0         ;       <6=> Flash address range: 0x00_0000 - 0x00_00DF;
                        protected size: 224 bytes
  137 000000C0         ;       <7=> Flash address range: 0x00_0000 - 0x00_00FF;
                        protected size: 256 bytes
  138 000000C0 000000FF 
                       EEPROT  EQU              0xFF
  139 000000C0         ;     </h>
  140 000000C0         ;     <h> FPROT
  141 000000C0         ;       <i> P-Flash Protection Register
  142 000000C0         ;       <o.7> FPOPEN
  143 000000C0         ;         <0=> FPHDIS and FPLDIS bits define unprotected
                        address ranges as specified by the corresponding FPHS a
                       nd FPLS bits FPROT1.1
  144 000000C0         ;         <1=> FPHDIS and FPLDIS bits enable protection 
                       for the address range specified by the corresponding FPH
                       S and FPLS bits
  145 000000C0         ;       <o.5> FPHDIS
  146 000000C0         ;         <0=> Protection/Unprotection enabled
  147 000000C0         ;         <1=> Protection/Unprotection disabled
  148 000000C0         ;       <o.3..4> FPHS
  149 000000C0         ;         <0=> Address range: 0x00_7C00-0x00_7FFF; prote



ARM Macro Assembler    Page 5 


                       cted size: 1 KB
  150 000000C0         ;         <1=> Address range: 0x00_7800-0x00_7FFF; prote
                       cted size: 2 KB
  151 000000C0         ;         <2=> Address range: 0x00_7000-0x00_7FFF; prote
                       cted size: 4 KB
  152 000000C0         ;         <3=> Address range: 0x00_6000-0x00_7FFF; prote
                       cted size: 8 KB
  153 000000C0         ;       <o.5> FPLDIS
  154 000000C0         ;         <0=> Protection/Unprotection enabled
  155 000000C0         ;         <1=> Protection/Unprotection disabled
  156 000000C0         ;       <o.3..4> FPLS
  157 000000C0         ;         <0=> Address range: 0x00_0000-0x00_07FF; prote
                       cted size: 2 KB
  158 000000C0         ;         <1=> Address range: 0x00_0000-0x00_0FFF; prote
                       cted size: 4 KB
  159 000000C0         ;         <2=> Address range: 0x00_0000-0x00_1FFF; prote
                       cted size: 8 KB
  160 000000C0         ;         <3=> Address range: 0x00_0000-0x00_3FFF; prote
                       cted size: 16 KB
  161 000000C0 000000FF 
                       FPROT   EQU              0xFF
  162 000000C0         ;     </h>
  163 000000C0         ;   </h>
  164 000000C0         ;   <h> Flash security byte (FSEC)
  165 000000C0         ;     <i> WARNING: If SEC field is configured as "MCU se
                       curity status is secure" and MEEN field is configured as
                        "Mass erase is disabled",
  166 000000C0         ;     <i> MCU's security status cannot be set back to un
                       secure state since Mass erase via the debugger is blocke
                       d !!!
  167 000000C0         ;     <o.0..1> SEC
  168 000000C0         ;       <2=> MCU security status is unsecure
  169 000000C0         ;       <3=> MCU security status is secure
  170 000000C0         ;         <i> Flash Security
  171 000000C0         ;         <i> This bits define the security state of the
                        MCU.
  172 000000C0         ;     <o.6..7> KEYEN
  173 000000C0         ;       <2=> Backdoor key access enabled
  174 000000C0         ;       <3=> Backdoor key access disabled
  175 000000C0         ;         <i> Backdoor key Security Enable
  176 000000C0         ;         <i> These bits enable and disable backdoor key
                        access to the FTFL module.
  177 000000C0 000000FE 
                       FSEC    EQU              0xFE
  178 000000C0         ;   </h>
  179 000000C0         ;   <h> Flash Option Register (FOPT)
  180 000000C0 000000FE 
                       FOPT    EQU              0xFE
  181 000000C0         ;   </h>
  182 000000C0                 IF               :LNOT::DEF:RAM_TARGET
  188                          ENDIF
  189 000000C0         
  190 000000C0                 AREA             |.text|, CODE, READONLY
  191 00000000         
  192 00000000         
  193 00000000         ; Reset Handler
  194 00000000         
  195 00000000         Reset_Handler
                               PROC



ARM Macro Assembler    Page 6 


  196 00000000                 EXPORT           Reset_Handler             [WEAK
]
  197 00000000                 IMPORT           SystemInit
  198 00000000                 IMPORT           __main
  199 00000000 4806            LDR              R0, =SystemInit
  200 00000002 4780            BLX              R0
  201 00000004 4806            LDR              R0, =__main
  202 00000006 4700            BX               R0
  203 00000008                 ENDP
  204 00000008         
  205 00000008         
  206 00000008         ; Dummy Exception Handlers (infinite loops which can be 
                       modified)
  207 00000008         
  208 00000008         NMI_Handler
                               PROC
  209 00000008                 EXPORT           NMI_Handler               [WEAK
]
  210 00000008 E7FE            B                .
  211 0000000A                 ENDP
  213 0000000A         HardFault_Handler
                               PROC
  214 0000000A                 EXPORT           HardFault_Handler         [WEAK
]
  215 0000000A E7FE            B                .
  216 0000000C                 ENDP
  218 0000000C         MemManage_Handler
                               PROC
  219 0000000C                 EXPORT           MemManage_Handler         [WEAK
]
  220 0000000C E7FE            B                .
  221 0000000E                 ENDP
  223 0000000E         BusFault_Handler
                               PROC
  224 0000000E                 EXPORT           BusFault_Handler          [WEAK
]
  225 0000000E E7FE            B                .
  226 00000010                 ENDP
  228 00000010         UsageFault_Handler
                               PROC
  229 00000010                 EXPORT           UsageFault_Handler        [WEAK
]
  230 00000010 E7FE            B                .
  231 00000012                 ENDP
  232 00000012         SVC_Handler
                               PROC
  233 00000012                 EXPORT           SVC_Handler               [WEAK
]
  234 00000012 E7FE            B                .
  235 00000014                 ENDP
  237 00000014         DebugMon_Handler
                               PROC
  238 00000014                 EXPORT           DebugMon_Handler          [WEAK
]
  239 00000014 E7FE            B                .
  240 00000016                 ENDP
  241 00000016         PendSV_Handler
                               PROC
  242 00000016                 EXPORT           PendSV_Handler            [WEAK



ARM Macro Assembler    Page 7 


]
  243 00000016 E7FE            B                .
  244 00000018                 ENDP
  245 00000018         SysTick_Handler
                               PROC
  246 00000018                 EXPORT           SysTick_Handler           [WEAK
]
  247 00000018 E7FE            B                .
  248 0000001A                 ENDP
  249 0000001A         
  250 0000001A         Default_Handler
                               PROC
  251 0000001A                 EXPORT           Reserved16_IRQHandler     [WEAK
]
  252 0000001A                 EXPORT           Reserved17_IRQHandler     [WEAK
]
  253 0000001A                 EXPORT           Reserved18_IRQHandler     [WEAK
]
  254 0000001A                 EXPORT           Reserved19_IRQHandler     [WEAK
]
  255 0000001A                 EXPORT           Reserved20_IRQHandler     [WEAK
]
  256 0000001A                 EXPORT           FTMRE_IRQHandler     [WEAK]
  257 0000001A                 EXPORT           LVD_LVW_IRQHandler     [WEAK]
  258 0000001A                 EXPORT           IRQ_IRQHandler     [WEAK]
  259 0000001A                 EXPORT           I2C0_IRQHandler     [WEAK]
  260 0000001A                 EXPORT           I2C1_IRQHandler     [WEAK]
  261 0000001A                 EXPORT           SPI0_IRQHandler     [WEAK]
  262 0000001A                 EXPORT           SPI1_IRQHandler     [WEAK]
  263 0000001A                 EXPORT           UART0_IRQHandler     [WEAK]
  264 0000001A                 EXPORT           UART1_IRQHandler     [WEAK]
  265 0000001A                 EXPORT           UART2_IRQHandler     [WEAK]
  266 0000001A                 EXPORT           ADC0_IRQHandler     [WEAK]
  267 0000001A                 EXPORT           ACMP0_IRQHandler     [WEAK]
  268 0000001A                 EXPORT           FTM0_IRQHandler     [WEAK]
  269 0000001A                 EXPORT           FTM1_IRQHandler     [WEAK]
  270 0000001A                 EXPORT           FTM2_IRQHandler     [WEAK]
  271 0000001A                 EXPORT           RTC_IRQHandler     [WEAK]
  272 0000001A                 EXPORT           ACMP1_IRQHandler     [WEAK]
  273 0000001A                 EXPORT           PIT_CH0_IRQHandler     [WEAK]
  274 0000001A                 EXPORT           PIT_CH1_IRQHandler     [WEAK]
  275 0000001A                 EXPORT           KBI0_IRQHandler     [WEAK]
  276 0000001A                 EXPORT           KBI1_IRQHandler     [WEAK]
  277 0000001A                 EXPORT           Reserved42_IRQHandler     [WEAK
]
  278 0000001A                 EXPORT           ICS_IRQHandler     [WEAK]
  279 0000001A                 EXPORT           Watchdog_IRQHandler     [WEAK]
  280 0000001A                 EXPORT           PWT_IRQHandler     [WEAK]
  281 0000001A                 EXPORT           MSCAN_RX_IRQHandler     [WEAK]
  282 0000001A                 EXPORT           MSCAN_TX_IRQHandler     [WEAK]
  283 0000001A                 EXPORT           DefaultISR                     
 [WEAK]
  284 0000001A         
  285 0000001A         Reserved16_IRQHandler
  286 0000001A         Reserved17_IRQHandler
  287 0000001A         Reserved18_IRQHandler
  288 0000001A         Reserved19_IRQHandler
  289 0000001A         Reserved20_IRQHandler
  290 0000001A         FTMRE_IRQHandler



ARM Macro Assembler    Page 8 


  291 0000001A         LVD_LVW_IRQHandler
  292 0000001A         IRQ_IRQHandler
  293 0000001A         I2C0_IRQHandler
  294 0000001A         I2C1_IRQHandler
  295 0000001A         SPI0_IRQHandler
  296 0000001A         SPI1_IRQHandler
  297 0000001A         UART0_IRQHandler
  298 0000001A         UART1_IRQHandler
  299 0000001A         UART2_IRQHandler
  300 0000001A         ADC0_IRQHandler
  301 0000001A         ACMP0_IRQHandler
  302 0000001A         FTM0_IRQHandler
  303 0000001A         FTM1_IRQHandler
  304 0000001A         FTM2_IRQHandler
  305 0000001A         RTC_IRQHandler
  306 0000001A         ACMP1_IRQHandler
  307 0000001A         PIT_CH0_IRQHandler
  308 0000001A         PIT_CH1_IRQHandler
  309 0000001A         KBI0_IRQHandler
  310 0000001A         KBI1_IRQHandler
  311 0000001A         Reserved42_IRQHandler
  312 0000001A         ICS_IRQHandler
  313 0000001A         Watchdog_IRQHandler
  314 0000001A         PWT_IRQHandler
  315 0000001A         MSCAN_RX_IRQHandler
  316 0000001A         MSCAN_TX_IRQHandler
  317 0000001A         DefaultISR
  318 0000001A         
  319 0000001A E7FE            B                .
  320 0000001C         
  321 0000001C                 ENDP
  322 0000001C         
  323 0000001C         
  324 0000001C                 ALIGN
  325 0000001C         
  326 0000001C         
  327 0000001C         ; User Initial Stack & Heap
  328 0000001C         
  329 0000001C                 IF               :DEF:__MICROLIB
  330 0000001C         
  331 0000001C                 EXPORT           __initial_sp
  332 0000001C                 EXPORT           __heap_base
  333 0000001C                 EXPORT           __heap_limit
  334 0000001C         
  335 0000001C                 ELSE
  349                          ENDIF
  350 0000001C         
  351 0000001C         
  352 0000001C                 END
              00000000 
              00000000 
Command Line: --debug --xref --diag_suppress=9931 --cpu=Cortex-M0+ --apcs=inter
work --depend=.\objects\startup_mke06z4.d -o.\objects\startup_mke06z4.o -IE:\Gi
thub\ES-AN49503\project\RTE -ID:\Keil_v5\ARM\PACK\Keil\Kinetis_KExx_DFP\1.4.0\D
evice\Include -ID:\Keil_v5\ARM\CMSIS\Include --predefine="__MICROLIB SETA 1" --
predefine="__UVISION_VERSION SETA 521" --predefine="MKE06Z128xxx4 SETA 1" --pre
define="RAM_TARGET SETA 1" --list=.\listings\startup_mke06z4.lst ..\cpu\startup
_MKE06Z4.s



ARM Macro Assembler    Page 1 Alphabetic symbol ordering
Relocatable symbols

STACK 00000000

Symbol: STACK
   Definitions
      At line 21 in file ..\cpu\startup_MKE06Z4.s
   Uses
      None
Comment: STACK unused
Stack_Mem 00000000

Symbol: Stack_Mem
   Definitions
      At line 22 in file ..\cpu\startup_MKE06Z4.s
   Uses
      None
Comment: Stack_Mem unused
__initial_sp 00000200

Symbol: __initial_sp
   Definitions
      At line 23 in file ..\cpu\startup_MKE06Z4.s
   Uses
      At line 49 in file ..\cpu\startup_MKE06Z4.s
      At line 331 in file ..\cpu\startup_MKE06Z4.s

3 symbols



ARM Macro Assembler    Page 1 Alphabetic symbol ordering
Relocatable symbols

HEAP 00000000

Symbol: HEAP
   Definitions
      At line 32 in file ..\cpu\startup_MKE06Z4.s
   Uses
      None
Comment: HEAP unused
Heap_Mem 00000000

Symbol: Heap_Mem
   Definitions
      At line 34 in file ..\cpu\startup_MKE06Z4.s
   Uses
      None
Comment: Heap_Mem unused
__heap_base 00000000

Symbol: __heap_base
   Definitions
      At line 33 in file ..\cpu\startup_MKE06Z4.s
   Uses
      At line 332 in file ..\cpu\startup_MKE06Z4.s
Comment: __heap_base used once
__heap_limit 00000000

Symbol: __heap_limit
   Definitions
      At line 35 in file ..\cpu\startup_MKE06Z4.s
   Uses
      At line 333 in file ..\cpu\startup_MKE06Z4.s
Comment: __heap_limit used once
4 symbols



ARM Macro Assembler    Page 1 Alphabetic symbol ordering
Relocatable symbols

RESET 00000000

Symbol: RESET
   Definitions
      At line 44 in file ..\cpu\startup_MKE06Z4.s
   Uses
      None
Comment: RESET unused
__Vectors 00000000

Symbol: __Vectors
   Definitions
      At line 49 in file ..\cpu\startup_MKE06Z4.s
   Uses
      At line 45 in file ..\cpu\startup_MKE06Z4.s
      At line 101 in file ..\cpu\startup_MKE06Z4.s

__Vectors_End 000000C0

Symbol: __Vectors_End
   Definitions
      At line 99 in file ..\cpu\startup_MKE06Z4.s
   Uses
      At line 46 in file ..\cpu\startup_MKE06Z4.s
      At line 101 in file ..\cpu\startup_MKE06Z4.s

3 symbols



ARM Macro Assembler    Page 1 Alphabetic symbol ordering
Relocatable symbols

.text 00000000

Symbol: .text
   Definitions
      At line 190 in file ..\cpu\startup_MKE06Z4.s
   Uses
      None
Comment: .text unused
ACMP0_IRQHandler 0000001A

Symbol: ACMP0_IRQHandler
   Definitions
      At line 301 in file ..\cpu\startup_MKE06Z4.s
   Uses
      At line 83 in file ..\cpu\startup_MKE06Z4.s
      At line 267 in file ..\cpu\startup_MKE06Z4.s

ACMP1_IRQHandler 0000001A

Symbol: ACMP1_IRQHandler
   Definitions
      At line 306 in file ..\cpu\startup_MKE06Z4.s
   Uses
      At line 88 in file ..\cpu\startup_MKE06Z4.s
      At line 272 in file ..\cpu\startup_MKE06Z4.s

ADC0_IRQHandler 0000001A

Symbol: ADC0_IRQHandler
   Definitions
      At line 300 in file ..\cpu\startup_MKE06Z4.s
   Uses
      At line 82 in file ..\cpu\startup_MKE06Z4.s
      At line 266 in file ..\cpu\startup_MKE06Z4.s

BusFault_Handler 0000000E

Symbol: BusFault_Handler
   Definitions
      At line 223 in file ..\cpu\startup_MKE06Z4.s
   Uses
      At line 224 in file ..\cpu\startup_MKE06Z4.s
Comment: BusFault_Handler used once
DebugMon_Handler 00000014

Symbol: DebugMon_Handler
   Definitions
      At line 237 in file ..\cpu\startup_MKE06Z4.s
   Uses
      At line 238 in file ..\cpu\startup_MKE06Z4.s
Comment: DebugMon_Handler used once
DefaultISR 0000001A

Symbol: DefaultISR
   Definitions
      At line 317 in file ..\cpu\startup_MKE06Z4.s
   Uses
      At line 283 in file ..\cpu\startup_MKE06Z4.s
Comment: DefaultISR used once



ARM Macro Assembler    Page 2 Alphabetic symbol ordering
Relocatable symbols

Default_Handler 0000001A

Symbol: Default_Handler
   Definitions
      At line 250 in file ..\cpu\startup_MKE06Z4.s
   Uses
      None
Comment: Default_Handler unused
FTM0_IRQHandler 0000001A

Symbol: FTM0_IRQHandler
   Definitions
      At line 302 in file ..\cpu\startup_MKE06Z4.s
   Uses
      At line 84 in file ..\cpu\startup_MKE06Z4.s
      At line 268 in file ..\cpu\startup_MKE06Z4.s

FTM1_IRQHandler 0000001A

Symbol: FTM1_IRQHandler
   Definitions
      At line 303 in file ..\cpu\startup_MKE06Z4.s
   Uses
      At line 85 in file ..\cpu\startup_MKE06Z4.s
      At line 269 in file ..\cpu\startup_MKE06Z4.s

FTM2_IRQHandler 0000001A

Symbol: FTM2_IRQHandler
   Definitions
      At line 304 in file ..\cpu\startup_MKE06Z4.s
   Uses
      At line 86 in file ..\cpu\startup_MKE06Z4.s
      At line 270 in file ..\cpu\startup_MKE06Z4.s

FTMRE_IRQHandler 0000001A

Symbol: FTMRE_IRQHandler
   Definitions
      At line 290 in file ..\cpu\startup_MKE06Z4.s
   Uses
      At line 72 in file ..\cpu\startup_MKE06Z4.s
      At line 256 in file ..\cpu\startup_MKE06Z4.s

HardFault_Handler 0000000A

Symbol: HardFault_Handler
   Definitions
      At line 213 in file ..\cpu\startup_MKE06Z4.s
   Uses
      At line 214 in file ..\cpu\startup_MKE06Z4.s
Comment: HardFault_Handler used once
I2C0_IRQHandler 0000001A

Symbol: I2C0_IRQHandler
   Definitions
      At line 293 in file ..\cpu\startup_MKE06Z4.s
   Uses
      At line 75 in file ..\cpu\startup_MKE06Z4.s



ARM Macro Assembler    Page 3 Alphabetic symbol ordering
Relocatable symbols

      At line 259 in file ..\cpu\startup_MKE06Z4.s

I2C1_IRQHandler 0000001A

Symbol: I2C1_IRQHandler
   Definitions
      At line 294 in file ..\cpu\startup_MKE06Z4.s
   Uses
      At line 76 in file ..\cpu\startup_MKE06Z4.s
      At line 260 in file ..\cpu\startup_MKE06Z4.s

ICS_IRQHandler 0000001A

Symbol: ICS_IRQHandler
   Definitions
      At line 312 in file ..\cpu\startup_MKE06Z4.s
   Uses
      At line 94 in file ..\cpu\startup_MKE06Z4.s
      At line 278 in file ..\cpu\startup_MKE06Z4.s

IRQ_IRQHandler 0000001A

Symbol: IRQ_IRQHandler
   Definitions
      At line 292 in file ..\cpu\startup_MKE06Z4.s
   Uses
      At line 74 in file ..\cpu\startup_MKE06Z4.s
      At line 258 in file ..\cpu\startup_MKE06Z4.s

KBI0_IRQHandler 0000001A

Symbol: KBI0_IRQHandler
   Definitions
      At line 309 in file ..\cpu\startup_MKE06Z4.s
   Uses
      At line 91 in file ..\cpu\startup_MKE06Z4.s
      At line 275 in file ..\cpu\startup_MKE06Z4.s

KBI1_IRQHandler 0000001A

Symbol: KBI1_IRQHandler
   Definitions
      At line 310 in file ..\cpu\startup_MKE06Z4.s
   Uses
      At line 92 in file ..\cpu\startup_MKE06Z4.s
      At line 276 in file ..\cpu\startup_MKE06Z4.s

LVD_LVW_IRQHandler 0000001A

Symbol: LVD_LVW_IRQHandler
   Definitions
      At line 291 in file ..\cpu\startup_MKE06Z4.s
   Uses
      At line 73 in file ..\cpu\startup_MKE06Z4.s
      At line 257 in file ..\cpu\startup_MKE06Z4.s

MSCAN_RX_IRQHandler 0000001A

Symbol: MSCAN_RX_IRQHandler



ARM Macro Assembler    Page 4 Alphabetic symbol ordering
Relocatable symbols

   Definitions
      At line 315 in file ..\cpu\startup_MKE06Z4.s
   Uses
      At line 97 in file ..\cpu\startup_MKE06Z4.s
      At line 281 in file ..\cpu\startup_MKE06Z4.s

MSCAN_TX_IRQHandler 0000001A

Symbol: MSCAN_TX_IRQHandler
   Definitions
      At line 316 in file ..\cpu\startup_MKE06Z4.s
   Uses
      At line 98 in file ..\cpu\startup_MKE06Z4.s
      At line 282 in file ..\cpu\startup_MKE06Z4.s

MemManage_Handler 0000000C

Symbol: MemManage_Handler
   Definitions
      At line 218 in file ..\cpu\startup_MKE06Z4.s
   Uses
      At line 219 in file ..\cpu\startup_MKE06Z4.s
Comment: MemManage_Handler used once
NMI_Handler 00000008

Symbol: NMI_Handler
   Definitions
      At line 208 in file ..\cpu\startup_MKE06Z4.s
   Uses
      At line 51 in file ..\cpu\startup_MKE06Z4.s
      At line 209 in file ..\cpu\startup_MKE06Z4.s

PIT_CH0_IRQHandler 0000001A

Symbol: PIT_CH0_IRQHandler
   Definitions
      At line 307 in file ..\cpu\startup_MKE06Z4.s
   Uses
      At line 89 in file ..\cpu\startup_MKE06Z4.s
      At line 273 in file ..\cpu\startup_MKE06Z4.s

PIT_CH1_IRQHandler 0000001A

Symbol: PIT_CH1_IRQHandler
   Definitions
      At line 308 in file ..\cpu\startup_MKE06Z4.s
   Uses
      At line 90 in file ..\cpu\startup_MKE06Z4.s
      At line 274 in file ..\cpu\startup_MKE06Z4.s

PWT_IRQHandler 0000001A

Symbol: PWT_IRQHandler
   Definitions
      At line 314 in file ..\cpu\startup_MKE06Z4.s
   Uses
      At line 96 in file ..\cpu\startup_MKE06Z4.s
      At line 280 in file ..\cpu\startup_MKE06Z4.s




ARM Macro Assembler    Page 5 Alphabetic symbol ordering
Relocatable symbols

PendSV_Handler 00000016

Symbol: PendSV_Handler
   Definitions
      At line 241 in file ..\cpu\startup_MKE06Z4.s
   Uses
      At line 63 in file ..\cpu\startup_MKE06Z4.s
      At line 242 in file ..\cpu\startup_MKE06Z4.s

RTC_IRQHandler 0000001A

Symbol: RTC_IRQHandler
   Definitions
      At line 305 in file ..\cpu\startup_MKE06Z4.s
   Uses
      At line 87 in file ..\cpu\startup_MKE06Z4.s
      At line 271 in file ..\cpu\startup_MKE06Z4.s

Reserved16_IRQHandler 0000001A

Symbol: Reserved16_IRQHandler
   Definitions
      At line 285 in file ..\cpu\startup_MKE06Z4.s
   Uses
      At line 67 in file ..\cpu\startup_MKE06Z4.s
      At line 251 in file ..\cpu\startup_MKE06Z4.s

Reserved17_IRQHandler 0000001A

Symbol: Reserved17_IRQHandler
   Definitions
      At line 286 in file ..\cpu\startup_MKE06Z4.s
   Uses
      At line 68 in file ..\cpu\startup_MKE06Z4.s
      At line 252 in file ..\cpu\startup_MKE06Z4.s

Reserved18_IRQHandler 0000001A

Symbol: Reserved18_IRQHandler
   Definitions
      At line 287 in file ..\cpu\startup_MKE06Z4.s
   Uses
      At line 69 in file ..\cpu\startup_MKE06Z4.s
      At line 253 in file ..\cpu\startup_MKE06Z4.s

Reserved19_IRQHandler 0000001A

Symbol: Reserved19_IRQHandler
   Definitions
      At line 288 in file ..\cpu\startup_MKE06Z4.s
   Uses
      At line 70 in file ..\cpu\startup_MKE06Z4.s
      At line 254 in file ..\cpu\startup_MKE06Z4.s

Reserved20_IRQHandler 0000001A

Symbol: Reserved20_IRQHandler
   Definitions
      At line 289 in file ..\cpu\startup_MKE06Z4.s



ARM Macro Assembler    Page 6 Alphabetic symbol ordering
Relocatable symbols

   Uses
      At line 71 in file ..\cpu\startup_MKE06Z4.s
      At line 255 in file ..\cpu\startup_MKE06Z4.s

Reserved42_IRQHandler 0000001A

Symbol: Reserved42_IRQHandler
   Definitions
      At line 311 in file ..\cpu\startup_MKE06Z4.s
   Uses
      At line 93 in file ..\cpu\startup_MKE06Z4.s
      At line 277 in file ..\cpu\startup_MKE06Z4.s

Reset_Handler 00000000

Symbol: Reset_Handler
   Definitions
      At line 195 in file ..\cpu\startup_MKE06Z4.s
   Uses
      At line 50 in file ..\cpu\startup_MKE06Z4.s
      At line 196 in file ..\cpu\startup_MKE06Z4.s

SPI0_IRQHandler 0000001A

Symbol: SPI0_IRQHandler
   Definitions
      At line 295 in file ..\cpu\startup_MKE06Z4.s
   Uses
      At line 77 in file ..\cpu\startup_MKE06Z4.s
      At line 261 in file ..\cpu\startup_MKE06Z4.s

SPI1_IRQHandler 0000001A

Symbol: SPI1_IRQHandler
   Definitions
      At line 296 in file ..\cpu\startup_MKE06Z4.s
   Uses
      At line 78 in file ..\cpu\startup_MKE06Z4.s
      At line 262 in file ..\cpu\startup_MKE06Z4.s

SVC_Handler 00000012

Symbol: SVC_Handler
   Definitions
      At line 232 in file ..\cpu\startup_MKE06Z4.s
   Uses
      At line 60 in file ..\cpu\startup_MKE06Z4.s
      At line 233 in file ..\cpu\startup_MKE06Z4.s

SysTick_Handler 00000018

Symbol: SysTick_Handler
   Definitions
      At line 245 in file ..\cpu\startup_MKE06Z4.s
   Uses
      At line 64 in file ..\cpu\startup_MKE06Z4.s
      At line 246 in file ..\cpu\startup_MKE06Z4.s

UART0_IRQHandler 0000001A



ARM Macro Assembler    Page 7 Alphabetic symbol ordering
Relocatable symbols


Symbol: UART0_IRQHandler
   Definitions
      At line 297 in file ..\cpu\startup_MKE06Z4.s
   Uses
      At line 79 in file ..\cpu\startup_MKE06Z4.s
      At line 263 in file ..\cpu\startup_MKE06Z4.s

UART1_IRQHandler 0000001A

Symbol: UART1_IRQHandler
   Definitions
      At line 298 in file ..\cpu\startup_MKE06Z4.s
   Uses
      At line 80 in file ..\cpu\startup_MKE06Z4.s
      At line 264 in file ..\cpu\startup_MKE06Z4.s

UART2_IRQHandler 0000001A

Symbol: UART2_IRQHandler
   Definitions
      At line 299 in file ..\cpu\startup_MKE06Z4.s
   Uses
      At line 81 in file ..\cpu\startup_MKE06Z4.s
      At line 265 in file ..\cpu\startup_MKE06Z4.s

UsageFault_Handler 00000010

Symbol: UsageFault_Handler
   Definitions
      At line 228 in file ..\cpu\startup_MKE06Z4.s
   Uses
      At line 229 in file ..\cpu\startup_MKE06Z4.s
Comment: UsageFault_Handler used once
Watchdog_IRQHandler 0000001A

Symbol: Watchdog_IRQHandler
   Definitions
      At line 313 in file ..\cpu\startup_MKE06Z4.s
   Uses
      At line 95 in file ..\cpu\startup_MKE06Z4.s
      At line 279 in file ..\cpu\startup_MKE06Z4.s

45 symbols



ARM Macro Assembler    Page 1 Alphabetic symbol ordering
Absolute symbols

BackDoorK0 000000FF

Symbol: BackDoorK0
   Definitions
      At line 115 in file ..\cpu\startup_MKE06Z4.s
   Uses
      None
Comment: BackDoorK0 unused
BackDoorK1 000000FF

Symbol: BackDoorK1
   Definitions
      At line 116 in file ..\cpu\startup_MKE06Z4.s
   Uses
      None
Comment: BackDoorK1 unused
BackDoorK2 000000FF

Symbol: BackDoorK2
   Definitions
      At line 117 in file ..\cpu\startup_MKE06Z4.s
   Uses
      None
Comment: BackDoorK2 unused
BackDoorK3 000000FF

Symbol: BackDoorK3
   Definitions
      At line 118 in file ..\cpu\startup_MKE06Z4.s
   Uses
      None
Comment: BackDoorK3 unused
BackDoorK4 000000FF

Symbol: BackDoorK4
   Definitions
      At line 119 in file ..\cpu\startup_MKE06Z4.s
   Uses
      None
Comment: BackDoorK4 unused
BackDoorK5 000000FF

Symbol: BackDoorK5
   Definitions
      At line 120 in file ..\cpu\startup_MKE06Z4.s
   Uses
      None
Comment: BackDoorK5 unused
BackDoorK6 000000FF

Symbol: BackDoorK6
   Definitions
      At line 121 in file ..\cpu\startup_MKE06Z4.s
   Uses
      None
Comment: BackDoorK6 unused
BackDoorK7 000000FF

Symbol: BackDoorK7



ARM Macro Assembler    Page 2 Alphabetic symbol ordering
Absolute symbols

   Definitions
      At line 122 in file ..\cpu\startup_MKE06Z4.s
   Uses
      None
Comment: BackDoorK7 unused
EEPROT 000000FF

Symbol: EEPROT
   Definitions
      At line 138 in file ..\cpu\startup_MKE06Z4.s
   Uses
      None
Comment: EEPROT unused
FOPT 000000FE

Symbol: FOPT
   Definitions
      At line 180 in file ..\cpu\startup_MKE06Z4.s
   Uses
      None
Comment: FOPT unused
FPROT 000000FF

Symbol: FPROT
   Definitions
      At line 161 in file ..\cpu\startup_MKE06Z4.s
   Uses
      None
Comment: FPROT unused
FSEC 000000FE

Symbol: FSEC
   Definitions
      At line 177 in file ..\cpu\startup_MKE06Z4.s
   Uses
      None
Comment: FSEC unused
Heap_Size 00000000

Symbol: Heap_Size
   Definitions
      At line 30 in file ..\cpu\startup_MKE06Z4.s
   Uses
      At line 34 in file ..\cpu\startup_MKE06Z4.s
Comment: Heap_Size used once
Stack_Size 00000200

Symbol: Stack_Size
   Definitions
      At line 19 in file ..\cpu\startup_MKE06Z4.s
   Uses
      At line 22 in file ..\cpu\startup_MKE06Z4.s
Comment: Stack_Size used once
__Vectors_Size 000000C0

Symbol: __Vectors_Size
   Definitions
      At line 101 in file ..\cpu\startup_MKE06Z4.s
   Uses



ARM Macro Assembler    Page 3 Alphabetic symbol ordering
Absolute symbols

      At line 47 in file ..\cpu\startup_MKE06Z4.s
Comment: __Vectors_Size used once
15 symbols



ARM Macro Assembler    Page 1 Alphabetic symbol ordering
External symbols

SystemInit 00000000

Symbol: SystemInit
   Definitions
      At line 197 in file ..\cpu\startup_MKE06Z4.s
   Uses
      At line 199 in file ..\cpu\startup_MKE06Z4.s
Comment: SystemInit used once
__main 00000000

Symbol: __main
   Definitions
      At line 198 in file ..\cpu\startup_MKE06Z4.s
   Uses
      At line 201 in file ..\cpu\startup_MKE06Z4.s
Comment: __main used once
2 symbols
408 symbols in table
